<?xml version="1.0" encoding="UTF-8"?>
<testsuites name="jest tests" tests="2" failures="1" time="11.018">
  <testsuite name="rectangleArea" errors="0" failures="1" skipped="0" timestamp="2020-04-12T15:40:09" time="4.983" tests="2">
    <testcase classname="rectangleArea returns the correct area" name="rectangleArea returns the correct area" time="0.003">
    </testcase>
    <testcase classname="rectangleArea this will fail" name="rectangleArea this will fail" time="0.001">
      <failure>Error: Jest: `it` and `test` must return either a Promise or undefined.
    at Object.asyncJestTest (E:\ghosteacher\circleci\math\node_modules\jest-jasmine2\build\jasmineAsyncInstall.js:121:11)
    at E:\ghosteacher\circleci\math\node_modules\jest-jasmine2\build\queueRunner.js:43:12
    at new Promise (&lt;anonymous&gt;)
    at mapper (E:\ghosteacher\circleci\math\node_modules\jest-jasmine2\build\queueRunner.js:26:19)
    at E:\ghosteacher\circleci\math\node_modules\jest-jasmine2\build\queueRunner.js:73:41</failure>
    </testcase>
  </testsuite>
</testsuites>